2023-03-20 17:37:22,499  TestCam logger INFO     Process-1  ----------------- START LOGGING -----------------
2023-03-20 17:37:22,480  pcocam   WARNING  Process-1 (for Process-4) Reset the callback function of the ["default"] timer
2023-03-20 17:37:22,483  pcocam   INFO     Process-1 (for Process-4) Shared state: 'CameraName' created
2023-03-20 17:37:22,484  pcocam   INFO     Process-1 (for Process-4) Shared state: 'VideoFormat' created
2023-03-20 17:37:22,497  IO       WARNING  Process-1 (for Process-2) Reset the callback function of the ["default"] timer
2023-03-20 17:37:22,497  Stimulus WARNING  Process-1 (for Process-3) Reset the callback function of the ["default"] timer
2023-03-20 17:37:22,484  pcocam   INFO     Process-1 (for Process-4) Shared state: 'StreamToDisk' created
2023-03-20 17:37:22,485  pcocam   INFO     Process-1 (for Process-4) Shared state: 'SaveDir' created
2023-03-20 17:37:22,485  pcocam   INFO     Process-1 (for Process-4) Shared state: 'SaveName' created
2023-03-20 17:37:22,486  pcocam   INFO     Process-1 (for Process-4) Shared state: 'InitTime' created
2023-03-20 17:37:22,487  pcocam   INFO     Process-1 (for Process-4) Shared state: 'FrameCount' created
2023-03-20 17:37:22,487  pcocam   INFO     Process-1 (for Process-4) Shared state: 'FrameTime' created
2023-03-20 17:37:22,487  pcocam   INFO     Process-1 (for Process-4) Searching camera...
2023-03-20 17:37:22,501  Stimulus INFO     Process-1 (for Process-3) Shared state: 'is_running' created
2023-03-20 17:37:22,501  IO       INFO     Process-1 (for Process-2) Shared state: 'StreamToDisk' created
2023-03-20 17:37:22,504  IO       INFO     Process-1 (for Process-2) Shared state: 'SaveDir' created
2023-03-20 17:37:22,504  Stimulus INFO     Process-1 (for Process-3) Shared state: 'StimulusFn' created
2023-03-20 17:37:22,506  IO       INFO     Process-1 (for Process-2) Shared state: 'SaveName' created
2023-03-20 17:37:22,509  IO       INFO     Process-1 (for Process-2) Shared state: 'InitTime' created
2023-03-20 17:37:22,509  IO       INFO     Process-1 (for Process-2) IO compiler initialized.
2023-03-20 17:37:22,510  Stimulus INFO     Process-1 (for Process-3) Shared state: 'PhaseIdx' created
2023-03-20 17:37:22,516  Stimulus INFO     Process-1 (for Process-3) Shared state: 'TotalPhase' created
2023-03-20 17:37:22,524  GUI      WARNING  Process-1 (for Process-5) Reset the callback function of the ["default"] timer
2023-03-20 17:37:23,928  GUI      INFO     Process-1 (for Process-5) Shared state: 'is_running' created
2023-03-20 17:37:23,931  GUI      INFO     Process-1 (for Process-5) Camera Interface initialized.
2023-03-20 17:37:25,752  GUI      ERROR    Process-1 (for Process-5) Dead minion 'Stimulus' or errors in connecting to its shared buffer
2023-03-20 17:37:25,753  IO       INFO     Process-1 (for Process-2) IO is off
2023-03-20 17:37:25,754  GUI      INFO     Process-1 (for Process-5) GUI is off
2023-03-20 17:37:25,756  TestCam logger INFO     Process-1  ----------------- STOP LOGGING -----------------
2023-03-20 17:37:25,757  TestCam logger INFO     Process-1  TestCam logger is off
