2023-03-20 18:13:57,867  TestCam logger INFO     Process-1  ----------------- START LOGGING -----------------
2023-03-20 18:13:57,883  OMS      WARNING  Process-1 (for Process-2) Reset the callback function of the ["default"] timer
2023-03-20 18:13:57,930  OMS      INFO     Process-1 (for Process-2) Shared state: 'xPos' created
2023-03-20 18:13:57,930  OMS      INFO     Process-1 (for Process-2) Shared state: 'yPos' created
2023-03-20 18:13:57,930  OMS      INFO     Process-1 (for Process-2) OMS compiler initialized.
2023-03-20 18:13:57,961  GUI      WARNING  Process-1 (for Process-4) Reset the callback function of the ["default"] timer
2023-03-20 18:13:59,299  GUI      INFO     Process-1 (for Process-4) Shared state: 'is_running' created
2023-03-20 18:13:59,299  GUI      INFO     Process-1 (for Process-4) Camera Interface initialized.
2023-03-20 18:13:57,899  Tiscam_1 WARNING  Process-1 (for Process-3) Reset the callback function of the ["default"] timer
2023-03-20 18:13:57,899  Tiscam_1 INFO     Process-1 (for Process-3) Shared state: 'CameraName' created
2023-03-20 18:13:57,899  Tiscam_1 INFO     Process-1 (for Process-3) Shared state: 'VideoFormat' created
2023-03-20 18:13:57,899  Tiscam_1 INFO     Process-1 (for Process-3) Shared state: 'SaveDir' created
2023-03-20 18:13:57,899  Tiscam_1 INFO     Process-1 (for Process-3) Shared state: 'SaveName' created
2023-03-20 18:13:57,899  Tiscam_1 INFO     Process-1 (for Process-3) Shared state: 'StreamToDisk' created
2023-03-20 18:13:57,899  Tiscam_1 INFO     Process-1 (for Process-3) Shared state: 'InitTime' created
2023-03-20 18:13:57,899  Tiscam_1 INFO     Process-1 (for Process-3) Shared state: 'FrameCount' created
2023-03-20 18:13:57,899  Tiscam_1 INFO     Process-1 (for Process-3) Shared state: 'FrameTime' created
2023-03-20 18:13:57,899  Tiscam_1 INFO     Process-1 (for Process-3) Searching camera...
2023-03-20 18:14:12,151  GUI      INFO     Process-1 (for Process-4) GUI is off
2023-03-20 18:14:12,151  TestCam logger INFO     Process-1  ----------------- STOP LOGGING -----------------
2023-03-20 18:14:12,151  TestCam logger INFO     Process-1  TestCam logger is off
