2023-03-13 18:30:37,431  TestCam logger INFO     Process-1  ----------------- START LOGGING -----------------
2023-03-13 18:30:37,298  Servo_Pololu WARNING  Process-1 (for Process-3) Reset the callback function of the ["default"] timer
2023-03-13 18:30:37,295  Serial_ArduinoNano WARNING  Process-1 (for Process-2) Reset the callback function of the ["default"] timer
2023-03-13 18:30:37,445  GUI      WARNING  Process-1 (for Process-5) Reset the callback function of the ["default"] timer
2023-03-13 18:30:38,909  GUI      INFO     Process-1 (for Process-5) Shared state: 'is_running' created
2023-03-13 18:30:38,912  GUI      INFO     Process-1 (for Process-5) Camera Interface initialized.
2023-03-13 18:30:37,308  Tiscam_1 WARNING  Process-1 (for Process-4) Reset the callback function of the ["default"] timer
2023-03-13 18:30:37,309  Tiscam_1 INFO     Process-1 (for Process-4) Shared state: 'CameraName' created
2023-03-13 18:30:37,309  Tiscam_1 INFO     Process-1 (for Process-4) Shared state: 'VideoFormat' created
2023-03-13 18:30:37,310  Tiscam_1 INFO     Process-1 (for Process-4) Shared state: 'StreamToDisk' created
2023-03-13 18:30:37,310  Tiscam_1 INFO     Process-1 (for Process-4) Shared state: 'SaveDir' created
2023-03-13 18:30:37,310  Tiscam_1 INFO     Process-1 (for Process-4) Shared state: 'SaveName' created
2023-03-13 18:30:37,310  Tiscam_1 INFO     Process-1 (for Process-4) Shared state: 'InitTime' created
2023-03-13 18:30:37,311  Tiscam_1 INFO     Process-1 (for Process-4) Shared state: 'FrameCount' created
2023-03-13 18:30:37,311  Tiscam_1 INFO     Process-1 (for Process-4) Shared state: 'FrameTime' created
2023-03-13 18:30:37,311  Tiscam_1 INFO     Process-1 (for Process-4) Searching camera...
2023-03-13 18:30:40,495  Tiscam_1 INFO     Process-1 (for Process-4) Camera DMx 22BUC03 33010546 found
2023-03-13 18:30:40,513  GUI      ERROR    Process-1 (for Process-5) Unknown foreign buffer 'frame_Y800_(320x240)' in minion 'Tiscam_1'
2023-03-13 18:30:40,514  GUI      ERROR    Process-1 (for Process-5) Unknown buffer: 'b*Tiscam_1_frame_Y800_(320x240)'
2023-03-13 18:30:40,521  GUI      ERROR    Process-1 (for Process-5) Unknown foreign buffer 'frame_Y800_(320x240)' in minion 'Tiscam_1'
2023-03-13 18:30:40,521  GUI      ERROR    Process-1 (for Process-5) Unknown buffer: 'b*Tiscam_1_frame_Y800_(320x240)'
2023-03-13 18:30:40,526  GUI      ERROR    Process-1 (for Process-5) Unknown foreign buffer 'frame_Y800_(320x240)' in minion 'Tiscam_1'
2023-03-13 18:30:40,526  GUI      ERROR    Process-1 (for Process-5) Unknown buffer: 'b*Tiscam_1_frame_Y800_(320x240)'
2023-03-13 18:30:40,531  GUI      ERROR    Process-1 (for Process-5) Unknown foreign buffer 'frame_Y800_(320x240)' in minion 'Tiscam_1'
2023-03-13 18:30:40,531  GUI      ERROR    Process-1 (for Process-5) Unknown buffer: 'b*Tiscam_1_frame_Y800_(320x240)'
2023-03-13 18:30:40,537  GUI      ERROR    Process-1 (for Process-5) Unknown foreign buffer 'frame_Y800_(320x240)' in minion 'Tiscam_1'
2023-03-13 18:30:40,538  GUI      ERROR    Process-1 (for Process-5) Unknown buffer: 'b*Tiscam_1_frame_Y800_(320x240)'
2023-03-13 18:30:40,541  GUI      ERROR    Process-1 (for Process-5) Unknown foreign buffer 'frame_Y800_(320x240)' in minion 'Tiscam_1'
2023-03-13 18:30:40,542  GUI      ERROR    Process-1 (for Process-5) Unknown buffer: 'b*Tiscam_1_frame_Y800_(320x240)'
2023-03-13 18:30:40,547  GUI      ERROR    Process-1 (for Process-5) Unknown foreign buffer 'frame_Y800_(320x240)' in minion 'Tiscam_1'
2023-03-13 18:30:40,547  GUI      ERROR    Process-1 (for Process-5) Unknown buffer: 'b*Tiscam_1_frame_Y800_(320x240)'
2023-03-13 18:30:40,551  GUI      ERROR    Process-1 (for Process-5) Unknown foreign buffer 'frame_Y800_(320x240)' in minion 'Tiscam_1'
2023-03-13 18:30:40,552  GUI      ERROR    Process-1 (for Process-5) Unknown buffer: 'b*Tiscam_1_frame_Y800_(320x240)'
2023-03-13 18:30:40,556  GUI      ERROR    Process-1 (for Process-5) Unknown foreign buffer 'frame_Y800_(320x240)' in minion 'Tiscam_1'
2023-03-13 18:30:40,557  GUI      ERROR    Process-1 (for Process-5) Unknown buffer: 'b*Tiscam_1_frame_Y800_(320x240)'
2023-03-13 18:30:40,561  GUI      ERROR    Process-1 (for Process-5) Unknown foreign buffer 'frame_Y800_(320x240)' in minion 'Tiscam_1'
2023-03-13 18:30:40,562  GUI      ERROR    Process-1 (for Process-5) Unknown buffer: 'b*Tiscam_1_frame_Y800_(320x240)'
2023-03-13 18:30:40,566  GUI      ERROR    Process-1 (for Process-5) Unknown foreign buffer 'frame_Y800_(320x240)' in minion 'Tiscam_1'
2023-03-13 18:30:40,567  GUI      ERROR    Process-1 (for Process-5) Unknown buffer: 'b*Tiscam_1_frame_Y800_(320x240)'
2023-03-13 18:30:40,571  GUI      ERROR    Process-1 (for Process-5) Unknown foreign buffer 'frame_Y800_(320x240)' in minion 'Tiscam_1'
2023-03-13 18:30:40,572  GUI      ERROR    Process-1 (for Process-5) Unknown buffer: 'b*Tiscam_1_frame_Y800_(320x240)'
2023-03-13 18:30:40,576  GUI      ERROR    Process-1 (for Process-5) Unknown foreign buffer 'frame_Y800_(320x240)' in minion 'Tiscam_1'
2023-03-13 18:30:40,577  GUI      ERROR    Process-1 (for Process-5) Unknown buffer: 'b*Tiscam_1_frame_Y800_(320x240)'
2023-03-13 18:30:40,582  GUI      ERROR    Process-1 (for Process-5) Unknown foreign buffer 'frame_Y800_(320x240)' in minion 'Tiscam_1'
2023-03-13 18:30:40,582  GUI      ERROR    Process-1 (for Process-5) Unknown buffer: 'b*Tiscam_1_frame_Y800_(320x240)'
2023-03-13 18:30:40,587  GUI      ERROR    Process-1 (for Process-5) Unknown foreign buffer 'frame_Y800_(320x240)' in minion 'Tiscam_1'
2023-03-13 18:30:40,587  GUI      ERROR    Process-1 (for Process-5) Unknown buffer: 'b*Tiscam_1_frame_Y800_(320x240)'
2023-03-13 18:30:40,592  GUI      ERROR    Process-1 (for Process-5) Unknown foreign buffer 'frame_Y800_(320x240)' in minion 'Tiscam_1'
2023-03-13 18:30:40,592  GUI      ERROR    Process-1 (for Process-5) Unknown buffer: 'b*Tiscam_1_frame_Y800_(320x240)'
2023-03-13 18:30:40,597  GUI      ERROR    Process-1 (for Process-5) Unknown foreign buffer 'frame_Y800_(320x240)' in minion 'Tiscam_1'
2023-03-13 18:30:40,597  GUI      ERROR    Process-1 (for Process-5) Unknown buffer: 'b*Tiscam_1_frame_Y800_(320x240)'
2023-03-13 18:30:40,602  GUI      ERROR    Process-1 (for Process-5) Unknown foreign buffer 'frame_Y800_(320x240)' in minion 'Tiscam_1'
2023-03-13 18:30:40,602  GUI      ERROR    Process-1 (for Process-5) Unknown buffer: 'b*Tiscam_1_frame_Y800_(320x240)'
2023-03-13 18:30:40,607  GUI      ERROR    Process-1 (for Process-5) Unknown foreign buffer 'frame_Y800_(320x240)' in minion 'Tiscam_1'
2023-03-13 18:30:40,608  GUI      ERROR    Process-1 (for Process-5) Unknown buffer: 'b*Tiscam_1_frame_Y800_(320x240)'
2023-03-13 18:30:40,613  GUI      ERROR    Process-1 (for Process-5) Unknown foreign buffer 'frame_Y800_(320x240)' in minion 'Tiscam_1'
2023-03-13 18:30:40,613  GUI      ERROR    Process-1 (for Process-5) Unknown buffer: 'b*Tiscam_1_frame_Y800_(320x240)'
2023-03-13 18:30:40,617  GUI      ERROR    Process-1 (for Process-5) Unknown foreign buffer 'frame_Y800_(320x240)' in minion 'Tiscam_1'
2023-03-13 18:30:40,618  GUI      ERROR    Process-1 (for Process-5) Unknown buffer: 'b*Tiscam_1_frame_Y800_(320x240)'
2023-03-13 18:30:40,623  GUI      ERROR    Process-1 (for Process-5) Unknown foreign buffer 'frame_Y800_(320x240)' in minion 'Tiscam_1'
2023-03-13 18:30:40,624  GUI      ERROR    Process-1 (for Process-5) Unknown buffer: 'b*Tiscam_1_frame_Y800_(320x240)'
2023-03-13 18:30:40,628  GUI      ERROR    Process-1 (for Process-5) Unknown foreign buffer 'frame_Y800_(320x240)' in minion 'Tiscam_1'
2023-03-13 18:30:40,629  GUI      ERROR    Process-1 (for Process-5) Unknown buffer: 'b*Tiscam_1_frame_Y800_(320x240)'
2023-03-13 18:30:40,633  GUI      ERROR    Process-1 (for Process-5) Unknown foreign buffer 'frame_Y800_(320x240)' in minion 'Tiscam_1'
2023-03-13 18:30:40,634  GUI      ERROR    Process-1 (for Process-5) Unknown buffer: 'b*Tiscam_1_frame_Y800_(320x240)'
2023-03-13 18:30:40,638  GUI      ERROR    Process-1 (for Process-5) Unknown foreign buffer 'frame_Y800_(320x240)' in minion 'Tiscam_1'
2023-03-13 18:30:40,638  GUI      ERROR    Process-1 (for Process-5) Unknown buffer: 'b*Tiscam_1_frame_Y800_(320x240)'
2023-03-13 18:30:40,644  GUI      ERROR    Process-1 (for Process-5) Unknown foreign buffer 'frame_Y800_(320x240)' in minion 'Tiscam_1'
2023-03-13 18:30:40,645  GUI      ERROR    Process-1 (for Process-5) Unknown buffer: 'b*Tiscam_1_frame_Y800_(320x240)'
2023-03-13 18:30:40,651  GUI      ERROR    Process-1 (for Process-5) Unknown foreign buffer 'frame_Y800_(320x240)' in minion 'Tiscam_1'
2023-03-13 18:30:40,652  GUI      ERROR    Process-1 (for Process-5) Unknown buffer: 'b*Tiscam_1_frame_Y800_(320x240)'
2023-03-13 18:30:40,654  GUI      ERROR    Process-1 (for Process-5) Unknown foreign buffer 'frame_Y800_(320x240)' in minion 'Tiscam_1'
2023-03-13 18:30:40,654  GUI      ERROR    Process-1 (for Process-5) Unknown buffer: 'b*Tiscam_1_frame_Y800_(320x240)'
2023-03-13 18:30:40,659  GUI      ERROR    Process-1 (for Process-5) Unknown foreign buffer 'frame_Y800_(320x240)' in minion 'Tiscam_1'
2023-03-13 18:30:40,659  GUI      ERROR    Process-1 (for Process-5) Unknown buffer: 'b*Tiscam_1_frame_Y800_(320x240)'
2023-03-13 18:30:40,663  GUI      ERROR    Process-1 (for Process-5) Unknown foreign buffer 'frame_Y800_(320x240)' in minion 'Tiscam_1'
2023-03-13 18:30:40,664  GUI      ERROR    Process-1 (for Process-5) Unknown buffer: 'b*Tiscam_1_frame_Y800_(320x240)'
2023-03-13 18:30:40,670  GUI      ERROR    Process-1 (for Process-5) Unknown foreign buffer 'frame_Y800_(320x240)' in minion 'Tiscam_1'
2023-03-13 18:30:40,670  GUI      ERROR    Process-1 (for Process-5) Unknown buffer: 'b*Tiscam_1_frame_Y800_(320x240)'
2023-03-13 18:30:40,675  GUI      ERROR    Process-1 (for Process-5) Unknown foreign buffer 'frame_Y800_(320x240)' in minion 'Tiscam_1'
2023-03-13 18:30:40,676  GUI      ERROR    Process-1 (for Process-5) Unknown buffer: 'b*Tiscam_1_frame_Y800_(320x240)'
2023-03-13 18:30:40,680  GUI      ERROR    Process-1 (for Process-5) Unknown foreign buffer 'frame_Y800_(320x240)' in minion 'Tiscam_1'
2023-03-13 18:30:40,680  GUI      ERROR    Process-1 (for Process-5) Unknown buffer: 'b*Tiscam_1_frame_Y800_(320x240)'
2023-03-13 18:30:40,685  GUI      ERROR    Process-1 (for Process-5) Unknown foreign buffer 'frame_Y800_(320x240)' in minion 'Tiscam_1'
2023-03-13 18:30:40,685  GUI      ERROR    Process-1 (for Process-5) Unknown buffer: 'b*Tiscam_1_frame_Y800_(320x240)'
2023-03-13 18:30:40,691  GUI      ERROR    Process-1 (for Process-5) Unknown foreign buffer 'frame_Y800_(320x240)' in minion 'Tiscam_1'
2023-03-13 18:30:40,691  GUI      ERROR    Process-1 (for Process-5) Unknown buffer: 'b*Tiscam_1_frame_Y800_(320x240)'
2023-03-13 18:30:40,695  GUI      ERROR    Process-1 (for Process-5) Unknown foreign buffer 'frame_Y800_(320x240)' in minion 'Tiscam_1'
2023-03-13 18:30:40,695  GUI      ERROR    Process-1 (for Process-5) Unknown buffer: 'b*Tiscam_1_frame_Y800_(320x240)'
2023-03-13 18:30:40,701  GUI      ERROR    Process-1 (for Process-5) Unknown foreign buffer 'frame_Y800_(320x240)' in minion 'Tiscam_1'
2023-03-13 18:30:40,701  GUI      ERROR    Process-1 (for Process-5) Unknown buffer: 'b*Tiscam_1_frame_Y800_(320x240)'
2023-03-13 18:30:40,706  GUI      ERROR    Process-1 (for Process-5) Unknown foreign buffer 'frame_Y800_(320x240)' in minion 'Tiscam_1'
2023-03-13 18:30:40,707  GUI      ERROR    Process-1 (for Process-5) Unknown buffer: 'b*Tiscam_1_frame_Y800_(320x240)'
2023-03-13 18:30:40,712  GUI      ERROR    Process-1 (for Process-5) Unknown foreign buffer 'frame_Y800_(320x240)' in minion 'Tiscam_1'
2023-03-13 18:30:40,713  GUI      ERROR    Process-1 (for Process-5) Unknown buffer: 'b*Tiscam_1_frame_Y800_(320x240)'
2023-03-13 18:30:40,715  GUI      ERROR    Process-1 (for Process-5) Unknown foreign buffer 'frame_Y800_(320x240)' in minion 'Tiscam_1'
2023-03-13 18:30:40,716  GUI      ERROR    Process-1 (for Process-5) Unknown buffer: 'b*Tiscam_1_frame_Y800_(320x240)'
2023-03-13 18:30:40,721  GUI      ERROR    Process-1 (for Process-5) Unknown foreign buffer 'frame_Y800_(320x240)' in minion 'Tiscam_1'
2023-03-13 18:30:40,722  GUI      ERROR    Process-1 (for Process-5) Unknown buffer: 'b*Tiscam_1_frame_Y800_(320x240)'
2023-03-13 18:30:40,725  GUI      ERROR    Process-1 (for Process-5) Unknown foreign buffer 'frame_Y800_(320x240)' in minion 'Tiscam_1'
2023-03-13 18:30:40,726  GUI      ERROR    Process-1 (for Process-5) Unknown buffer: 'b*Tiscam_1_frame_Y800_(320x240)'
2023-03-13 18:30:40,731  GUI      ERROR    Process-1 (for Process-5) Unknown foreign buffer 'frame_Y800_(320x240)' in minion 'Tiscam_1'
2023-03-13 18:30:40,731  GUI      ERROR    Process-1 (for Process-5) Unknown buffer: 'b*Tiscam_1_frame_Y800_(320x240)'
2023-03-13 18:30:40,737  GUI      ERROR    Process-1 (for Process-5) Unknown foreign buffer 'frame_Y800_(320x240)' in minion 'Tiscam_1'
2023-03-13 18:30:40,738  GUI      ERROR    Process-1 (for Process-5) Unknown buffer: 'b*Tiscam_1_frame_Y800_(320x240)'
2023-03-13 18:30:40,742  GUI      ERROR    Process-1 (for Process-5) Unknown foreign buffer 'frame_Y800_(320x240)' in minion 'Tiscam_1'
2023-03-13 18:30:40,742  GUI      ERROR    Process-1 (for Process-5) Unknown buffer: 'b*Tiscam_1_frame_Y800_(320x240)'
2023-03-13 18:30:40,746  GUI      ERROR    Process-1 (for Process-5) Unknown foreign buffer 'frame_Y800_(320x240)' in minion 'Tiscam_1'
2023-03-13 18:30:40,746  GUI      ERROR    Process-1 (for Process-5) Unknown buffer: 'b*Tiscam_1_frame_Y800_(320x240)'
2023-03-13 18:30:40,751  GUI      ERROR    Process-1 (for Process-5) Unknown foreign buffer 'frame_Y800_(320x240)' in minion 'Tiscam_1'
2023-03-13 18:30:40,752  GUI      ERROR    Process-1 (for Process-5) Unknown buffer: 'b*Tiscam_1_frame_Y800_(320x240)'
2023-03-13 18:30:40,756  GUI      ERROR    Process-1 (for Process-5) Unknown foreign buffer 'frame_Y800_(320x240)' in minion 'Tiscam_1'
2023-03-13 18:30:40,757  GUI      ERROR    Process-1 (for Process-5) Unknown buffer: 'b*Tiscam_1_frame_Y800_(320x240)'
2023-03-13 18:30:40,761  GUI      ERROR    Process-1 (for Process-5) Unknown foreign buffer 'frame_Y800_(320x240)' in minion 'Tiscam_1'
2023-03-13 18:30:40,762  GUI      ERROR    Process-1 (for Process-5) Unknown buffer: 'b*Tiscam_1_frame_Y800_(320x240)'
2023-03-13 18:30:40,766  GUI      ERROR    Process-1 (for Process-5) Unknown foreign buffer 'frame_Y800_(320x240)' in minion 'Tiscam_1'
2023-03-13 18:30:40,767  GUI      ERROR    Process-1 (for Process-5) Unknown buffer: 'b*Tiscam_1_frame_Y800_(320x240)'
2023-03-13 18:30:40,771  GUI      ERROR    Process-1 (for Process-5) Unknown foreign buffer 'frame_Y800_(320x240)' in minion 'Tiscam_1'
2023-03-13 18:30:40,772  GUI      ERROR    Process-1 (for Process-5) Unknown buffer: 'b*Tiscam_1_frame_Y800_(320x240)'
2023-03-13 18:30:40,778  GUI      ERROR    Process-1 (for Process-5) Unknown foreign buffer 'frame_Y800_(320x240)' in minion 'Tiscam_1'
2023-03-13 18:30:40,778  GUI      ERROR    Process-1 (for Process-5) Unknown buffer: 'b*Tiscam_1_frame_Y800_(320x240)'
2023-03-13 18:30:40,782  GUI      ERROR    Process-1 (for Process-5) Unknown foreign buffer 'frame_Y800_(320x240)' in minion 'Tiscam_1'
2023-03-13 18:30:40,783  GUI      ERROR    Process-1 (for Process-5) Unknown buffer: 'b*Tiscam_1_frame_Y800_(320x240)'
2023-03-13 18:30:40,787  GUI      ERROR    Process-1 (for Process-5) Unknown foreign buffer 'frame_Y800_(320x240)' in minion 'Tiscam_1'
2023-03-13 18:30:40,787  GUI      ERROR    Process-1 (for Process-5) Unknown buffer: 'b*Tiscam_1_frame_Y800_(320x240)'
2023-03-13 18:30:40,792  GUI      ERROR    Process-1 (for Process-5) Unknown foreign buffer 'frame_Y800_(320x240)' in minion 'Tiscam_1'
2023-03-13 18:30:40,793  GUI      ERROR    Process-1 (for Process-5) Unknown buffer: 'b*Tiscam_1_frame_Y800_(320x240)'
2023-03-13 18:30:40,797  GUI      ERROR    Process-1 (for Process-5) Unknown foreign buffer 'frame_Y800_(320x240)' in minion 'Tiscam_1'
2023-03-13 18:30:40,797  GUI      ERROR    Process-1 (for Process-5) Unknown buffer: 'b*Tiscam_1_frame_Y800_(320x240)'
2023-03-13 18:30:40,804  GUI      ERROR    Process-1 (for Process-5) Unknown foreign buffer 'frame_Y800_(320x240)' in minion 'Tiscam_1'
2023-03-13 18:30:40,804  GUI      ERROR    Process-1 (for Process-5) Unknown buffer: 'b*Tiscam_1_frame_Y800_(320x240)'
2023-03-13 18:30:40,808  GUI      ERROR    Process-1 (for Process-5) Unknown foreign buffer 'frame_Y800_(320x240)' in minion 'Tiscam_1'
2023-03-13 18:30:40,808  GUI      ERROR    Process-1 (for Process-5) Unknown buffer: 'b*Tiscam_1_frame_Y800_(320x240)'
2023-03-13 18:30:40,813  GUI      ERROR    Process-1 (for Process-5) Unknown foreign buffer 'frame_Y800_(320x240)' in minion 'Tiscam_1'
2023-03-13 18:30:40,813  GUI      ERROR    Process-1 (for Process-5) Unknown buffer: 'b*Tiscam_1_frame_Y800_(320x240)'
2023-03-13 18:30:40,818  GUI      ERROR    Process-1 (for Process-5) Unknown foreign buffer 'frame_Y800_(320x240)' in minion 'Tiscam_1'
2023-03-13 18:30:40,819  GUI      ERROR    Process-1 (for Process-5) Unknown buffer: 'b*Tiscam_1_frame_Y800_(320x240)'
2023-03-13 18:30:40,823  GUI      ERROR    Process-1 (for Process-5) Unknown foreign buffer 'frame_Y800_(320x240)' in minion 'Tiscam_1'
2023-03-13 18:30:40,824  GUI      ERROR    Process-1 (for Process-5) Unknown buffer: 'b*Tiscam_1_frame_Y800_(320x240)'
2023-03-13 18:30:40,828  GUI      ERROR    Process-1 (for Process-5) Unknown foreign buffer 'frame_Y800_(320x240)' in minion 'Tiscam_1'
2023-03-13 18:30:40,828  GUI      ERROR    Process-1 (for Process-5) Unknown buffer: 'b*Tiscam_1_frame_Y800_(320x240)'
2023-03-13 18:30:40,833  GUI      ERROR    Process-1 (for Process-5) Unknown foreign buffer 'frame_Y800_(320x240)' in minion 'Tiscam_1'
2023-03-13 18:30:40,834  GUI      ERROR    Process-1 (for Process-5) Unknown buffer: 'b*Tiscam_1_frame_Y800_(320x240)'
2023-03-13 18:30:40,838  GUI      ERROR    Process-1 (for Process-5) Unknown foreign buffer 'frame_Y800_(320x240)' in minion 'Tiscam_1'
2023-03-13 18:30:40,838  GUI      ERROR    Process-1 (for Process-5) Unknown buffer: 'b*Tiscam_1_frame_Y800_(320x240)'
2023-03-13 18:30:40,843  GUI      ERROR    Process-1 (for Process-5) Unknown foreign buffer 'frame_Y800_(320x240)' in minion 'Tiscam_1'
2023-03-13 18:30:40,844  GUI      ERROR    Process-1 (for Process-5) Unknown buffer: 'b*Tiscam_1_frame_Y800_(320x240)'
2023-03-13 18:30:40,849  GUI      ERROR    Process-1 (for Process-5) Unknown foreign buffer 'frame_Y800_(320x240)' in minion 'Tiscam_1'
2023-03-13 18:30:40,849  GUI      ERROR    Process-1 (for Process-5) Unknown buffer: 'b*Tiscam_1_frame_Y800_(320x240)'
2023-03-13 18:30:40,853  GUI      ERROR    Process-1 (for Process-5) Unknown foreign buffer 'frame_Y800_(320x240)' in minion 'Tiscam_1'
2023-03-13 18:30:40,854  GUI      ERROR    Process-1 (for Process-5) Unknown buffer: 'b*Tiscam_1_frame_Y800_(320x240)'
2023-03-13 18:30:40,858  GUI      ERROR    Process-1 (for Process-5) Unknown foreign buffer 'frame_Y800_(320x240)' in minion 'Tiscam_1'
2023-03-13 18:30:40,859  GUI      ERROR    Process-1 (for Process-5) Unknown buffer: 'b*Tiscam_1_frame_Y800_(320x240)'
2023-03-13 18:30:40,863  GUI      ERROR    Process-1 (for Process-5) Unknown foreign buffer 'frame_Y800_(320x240)' in minion 'Tiscam_1'
2023-03-13 18:30:40,864  GUI      ERROR    Process-1 (for Process-5) Unknown buffer: 'b*Tiscam_1_frame_Y800_(320x240)'
2023-03-13 18:30:40,869  GUI      ERROR    Process-1 (for Process-5) Unknown foreign buffer 'frame_Y800_(320x240)' in minion 'Tiscam_1'
2023-03-13 18:30:40,869  GUI      ERROR    Process-1 (for Process-5) Unknown buffer: 'b*Tiscam_1_frame_Y800_(320x240)'
2023-03-13 18:30:40,875  GUI      ERROR    Process-1 (for Process-5) Unknown foreign buffer 'frame_Y800_(320x240)' in minion 'Tiscam_1'
2023-03-13 18:30:40,875  GUI      ERROR    Process-1 (for Process-5) Unknown buffer: 'b*Tiscam_1_frame_Y800_(320x240)'
2023-03-13 18:30:40,879  GUI      ERROR    Process-1 (for Process-5) Unknown foreign buffer 'frame_Y800_(320x240)' in minion 'Tiscam_1'
2023-03-13 18:30:40,880  GUI      ERROR    Process-1 (for Process-5) Unknown buffer: 'b*Tiscam_1_frame_Y800_(320x240)'
2023-03-13 18:30:40,884  GUI      ERROR    Process-1 (for Process-5) Unknown foreign buffer 'frame_Y800_(320x240)' in minion 'Tiscam_1'
2023-03-13 18:30:40,885  GUI      ERROR    Process-1 (for Process-5) Unknown buffer: 'b*Tiscam_1_frame_Y800_(320x240)'
2023-03-13 18:30:40,889  GUI      ERROR    Process-1 (for Process-5) Unknown foreign buffer 'frame_Y800_(320x240)' in minion 'Tiscam_1'
2023-03-13 18:30:40,890  GUI      ERROR    Process-1 (for Process-5) Unknown buffer: 'b*Tiscam_1_frame_Y800_(320x240)'
2023-03-13 18:30:40,895  GUI      ERROR    Process-1 (for Process-5) Unknown foreign buffer 'frame_Y800_(320x240)' in minion 'Tiscam_1'
2023-03-13 18:30:40,895  GUI      ERROR    Process-1 (for Process-5) Unknown buffer: 'b*Tiscam_1_frame_Y800_(320x240)'
2023-03-13 18:30:40,900  GUI      ERROR    Process-1 (for Process-5) Unknown foreign buffer 'frame_Y800_(320x240)' in minion 'Tiscam_1'
2023-03-13 18:30:40,900  GUI      ERROR    Process-1 (for Process-5) Unknown buffer: 'b*Tiscam_1_frame_Y800_(320x240)'
2023-03-13 18:30:40,905  GUI      ERROR    Process-1 (for Process-5) Unknown foreign buffer 'frame_Y800_(320x240)' in minion 'Tiscam_1'
2023-03-13 18:30:40,905  GUI      ERROR    Process-1 (for Process-5) Unknown buffer: 'b*Tiscam_1_frame_Y800_(320x240)'
2023-03-13 18:30:40,910  GUI      ERROR    Process-1 (for Process-5) Unknown foreign buffer 'frame_Y800_(320x240)' in minion 'Tiscam_1'
2023-03-13 18:30:40,911  GUI      ERROR    Process-1 (for Process-5) Unknown buffer: 'b*Tiscam_1_frame_Y800_(320x240)'
2023-03-13 18:30:40,915  GUI      ERROR    Process-1 (for Process-5) Unknown foreign buffer 'frame_Y800_(320x240)' in minion 'Tiscam_1'
2023-03-13 18:30:40,916  GUI      ERROR    Process-1 (for Process-5) Unknown buffer: 'b*Tiscam_1_frame_Y800_(320x240)'
2023-03-13 18:30:40,920  GUI      ERROR    Process-1 (for Process-5) Unknown foreign buffer 'frame_Y800_(320x240)' in minion 'Tiscam_1'
2023-03-13 18:30:40,920  GUI      ERROR    Process-1 (for Process-5) Unknown buffer: 'b*Tiscam_1_frame_Y800_(320x240)'
2023-03-13 18:30:40,925  GUI      ERROR    Process-1 (for Process-5) Unknown foreign buffer 'frame_Y800_(320x240)' in minion 'Tiscam_1'
2023-03-13 18:30:40,926  GUI      ERROR    Process-1 (for Process-5) Unknown buffer: 'b*Tiscam_1_frame_Y800_(320x240)'
2023-03-13 18:30:40,933  GUI      ERROR    Process-1 (for Process-5) Unknown foreign buffer 'frame_Y800_(320x240)' in minion 'Tiscam_1'
2023-03-13 18:30:40,933  GUI      ERROR    Process-1 (for Process-5) Unknown buffer: 'b*Tiscam_1_frame_Y800_(320x240)'
2023-03-13 18:30:40,936  GUI      ERROR    Process-1 (for Process-5) Unknown foreign buffer 'frame_Y800_(320x240)' in minion 'Tiscam_1'
2023-03-13 18:30:40,936  GUI      ERROR    Process-1 (for Process-5) Unknown buffer: 'b*Tiscam_1_frame_Y800_(320x240)'
2023-03-13 18:30:40,942  GUI      ERROR    Process-1 (for Process-5) Unknown foreign buffer 'frame_Y800_(320x240)' in minion 'Tiscam_1'
2023-03-13 18:30:40,942  GUI      ERROR    Process-1 (for Process-5) Unknown buffer: 'b*Tiscam_1_frame_Y800_(320x240)'
2023-03-13 18:30:40,946  GUI      ERROR    Process-1 (for Process-5) Unknown foreign buffer 'frame_Y800_(320x240)' in minion 'Tiscam_1'
2023-03-13 18:30:40,947  GUI      ERROR    Process-1 (for Process-5) Unknown buffer: 'b*Tiscam_1_frame_Y800_(320x240)'
2023-03-13 18:30:40,951  GUI      ERROR    Process-1 (for Process-5) Unknown foreign buffer 'frame_Y800_(320x240)' in minion 'Tiscam_1'
2023-03-13 18:30:40,951  GUI      ERROR    Process-1 (for Process-5) Unknown buffer: 'b*Tiscam_1_frame_Y800_(320x240)'
2023-03-13 18:30:40,956  GUI      ERROR    Process-1 (for Process-5) Unknown foreign buffer 'frame_Y800_(320x240)' in minion 'Tiscam_1'
2023-03-13 18:30:40,957  GUI      ERROR    Process-1 (for Process-5) Unknown buffer: 'b*Tiscam_1_frame_Y800_(320x240)'
2023-03-13 18:30:40,962  GUI      ERROR    Process-1 (for Process-5) Unknown foreign buffer 'frame_Y800_(320x240)' in minion 'Tiscam_1'
2023-03-13 18:30:40,962  GUI      ERROR    Process-1 (for Process-5) Unknown buffer: 'b*Tiscam_1_frame_Y800_(320x240)'
2023-03-13 18:30:40,967  GUI      ERROR    Process-1 (for Process-5) Unknown foreign buffer 'frame_Y800_(320x240)' in minion 'Tiscam_1'
2023-03-13 18:30:40,967  GUI      ERROR    Process-1 (for Process-5) Unknown buffer: 'b*Tiscam_1_frame_Y800_(320x240)'
2023-03-13 18:30:40,973  GUI      ERROR    Process-1 (for Process-5) Unknown foreign buffer 'frame_Y800_(320x240)' in minion 'Tiscam_1'
2023-03-13 18:30:40,973  GUI      ERROR    Process-1 (for Process-5) Unknown buffer: 'b*Tiscam_1_frame_Y800_(320x240)'
2023-03-13 18:30:40,977  GUI      ERROR    Process-1 (for Process-5) Unknown foreign buffer 'frame_Y800_(320x240)' in minion 'Tiscam_1'
2023-03-13 18:30:40,977  GUI      ERROR    Process-1 (for Process-5) Unknown buffer: 'b*Tiscam_1_frame_Y800_(320x240)'
2023-03-13 18:30:40,982  GUI      ERROR    Process-1 (for Process-5) Unknown foreign buffer 'frame_Y800_(320x240)' in minion 'Tiscam_1'
2023-03-13 18:30:40,982  GUI      ERROR    Process-1 (for Process-5) Unknown buffer: 'b*Tiscam_1_frame_Y800_(320x240)'
2023-03-13 18:30:40,987  GUI      ERROR    Process-1 (for Process-5) Unknown foreign buffer 'frame_Y800_(320x240)' in minion 'Tiscam_1'
2023-03-13 18:30:40,987  GUI      ERROR    Process-1 (for Process-5) Unknown buffer: 'b*Tiscam_1_frame_Y800_(320x240)'
2023-03-13 18:30:40,992  GUI      ERROR    Process-1 (for Process-5) Unknown foreign buffer 'frame_Y800_(320x240)' in minion 'Tiscam_1'
2023-03-13 18:30:40,993  GUI      ERROR    Process-1 (for Process-5) Unknown buffer: 'b*Tiscam_1_frame_Y800_(320x240)'
2023-03-13 18:30:40,998  GUI      ERROR    Process-1 (for Process-5) Unknown foreign buffer 'frame_Y800_(320x240)' in minion 'Tiscam_1'
2023-03-13 18:30:40,999  GUI      ERROR    Process-1 (for Process-5) Unknown buffer: 'b*Tiscam_1_frame_Y800_(320x240)'
2023-03-13 18:30:41,003  GUI      ERROR    Process-1 (for Process-5) Unknown foreign buffer 'frame_Y800_(320x240)' in minion 'Tiscam_1'
2023-03-13 18:30:41,004  GUI      ERROR    Process-1 (for Process-5) Unknown buffer: 'b*Tiscam_1_frame_Y800_(320x240)'
2023-03-13 18:30:41,008  GUI      ERROR    Process-1 (for Process-5) Unknown foreign buffer 'frame_Y800_(320x240)' in minion 'Tiscam_1'
2023-03-13 18:30:41,009  GUI      ERROR    Process-1 (for Process-5) Unknown buffer: 'b*Tiscam_1_frame_Y800_(320x240)'
2023-03-13 18:30:41,013  GUI      ERROR    Process-1 (for Process-5) Unknown foreign buffer 'frame_Y800_(320x240)' in minion 'Tiscam_1'
2023-03-13 18:30:41,013  GUI      ERROR    Process-1 (for Process-5) Unknown buffer: 'b*Tiscam_1_frame_Y800_(320x240)'
2023-03-13 18:30:41,018  GUI      ERROR    Process-1 (for Process-5) Unknown foreign buffer 'frame_Y800_(320x240)' in minion 'Tiscam_1'
2023-03-13 18:30:41,018  GUI      ERROR    Process-1 (for Process-5) Unknown buffer: 'b*Tiscam_1_frame_Y800_(320x240)'
2023-03-13 18:30:41,024  GUI      ERROR    Process-1 (for Process-5) Unknown foreign buffer 'frame_Y800_(320x240)' in minion 'Tiscam_1'
2023-03-13 18:30:41,024  GUI      ERROR    Process-1 (for Process-5) Unknown buffer: 'b*Tiscam_1_frame_Y800_(320x240)'
2023-03-13 18:30:41,029  GUI      ERROR    Process-1 (for Process-5) Unknown foreign buffer 'frame_Y800_(320x240)' in minion 'Tiscam_1'
2023-03-13 18:30:41,029  GUI      ERROR    Process-1 (for Process-5) Unknown buffer: 'b*Tiscam_1_frame_Y800_(320x240)'
2023-03-13 18:30:41,034  GUI      ERROR    Process-1 (for Process-5) Unknown foreign buffer 'frame_Y800_(320x240)' in minion 'Tiscam_1'
2023-03-13 18:30:41,034  GUI      ERROR    Process-1 (for Process-5) Unknown buffer: 'b*Tiscam_1_frame_Y800_(320x240)'
2023-03-13 18:30:41,040  GUI      ERROR    Process-1 (for Process-5) Unknown foreign buffer 'frame_Y800_(320x240)' in minion 'Tiscam_1'
2023-03-13 18:30:41,040  GUI      ERROR    Process-1 (for Process-5) Unknown buffer: 'b*Tiscam_1_frame_Y800_(320x240)'
2023-03-13 18:30:41,044  GUI      ERROR    Process-1 (for Process-5) Unknown foreign buffer 'frame_Y800_(320x240)' in minion 'Tiscam_1'
2023-03-13 18:30:41,045  GUI      ERROR    Process-1 (for Process-5) Unknown buffer: 'b*Tiscam_1_frame_Y800_(320x240)'
2023-03-13 18:30:41,051  GUI      ERROR    Process-1 (for Process-5) Unknown foreign buffer 'frame_Y800_(320x240)' in minion 'Tiscam_1'
2023-03-13 18:30:41,051  GUI      ERROR    Process-1 (for Process-5) Unknown buffer: 'b*Tiscam_1_frame_Y800_(320x240)'
2023-03-13 18:30:41,055  GUI      ERROR    Process-1 (for Process-5) Unknown foreign buffer 'frame_Y800_(320x240)' in minion 'Tiscam_1'
2023-03-13 18:30:41,056  GUI      ERROR    Process-1 (for Process-5) Unknown buffer: 'b*Tiscam_1_frame_Y800_(320x240)'
2023-03-13 18:30:41,060  GUI      ERROR    Process-1 (for Process-5) Unknown foreign buffer 'frame_Y800_(320x240)' in minion 'Tiscam_1'
2023-03-13 18:30:41,061  GUI      ERROR    Process-1 (for Process-5) Unknown buffer: 'b*Tiscam_1_frame_Y800_(320x240)'
2023-03-13 18:30:41,066  GUI      ERROR    Process-1 (for Process-5) Unknown foreign buffer 'frame_Y800_(320x240)' in minion 'Tiscam_1'
2023-03-13 18:30:41,066  GUI      ERROR    Process-1 (for Process-5) Unknown buffer: 'b*Tiscam_1_frame_Y800_(320x240)'
2023-03-13 18:30:41,071  GUI      ERROR    Process-1 (for Process-5) Unknown foreign buffer 'frame_Y800_(320x240)' in minion 'Tiscam_1'
2023-03-13 18:30:41,071  GUI      ERROR    Process-1 (for Process-5) Unknown buffer: 'b*Tiscam_1_frame_Y800_(320x240)'
2023-03-13 18:30:41,076  GUI      ERROR    Process-1 (for Process-5) Unknown foreign buffer 'frame_Y800_(320x240)' in minion 'Tiscam_1'
2023-03-13 18:30:41,077  GUI      ERROR    Process-1 (for Process-5) Unknown buffer: 'b*Tiscam_1_frame_Y800_(320x240)'
2023-03-13 18:30:41,081  GUI      ERROR    Process-1 (for Process-5) Unknown foreign buffer 'frame_Y800_(320x240)' in minion 'Tiscam_1'
2023-03-13 18:30:41,082  GUI      ERROR    Process-1 (for Process-5) Unknown buffer: 'b*Tiscam_1_frame_Y800_(320x240)'
2023-03-13 18:30:41,086  GUI      ERROR    Process-1 (for Process-5) Unknown foreign buffer 'frame_Y800_(320x240)' in minion 'Tiscam_1'
2023-03-13 18:30:41,087  GUI      ERROR    Process-1 (for Process-5) Unknown buffer: 'b*Tiscam_1_frame_Y800_(320x240)'
2023-03-13 18:30:41,092  GUI      ERROR    Process-1 (for Process-5) Unknown foreign buffer 'frame_Y800_(320x240)' in minion 'Tiscam_1'
2023-03-13 18:30:41,092  GUI      ERROR    Process-1 (for Process-5) Unknown buffer: 'b*Tiscam_1_frame_Y800_(320x240)'
2023-03-13 18:30:41,097  GUI      ERROR    Process-1 (for Process-5) Unknown foreign buffer 'frame_Y800_(320x240)' in minion 'Tiscam_1'
2023-03-13 18:30:41,097  GUI      ERROR    Process-1 (for Process-5) Unknown buffer: 'b*Tiscam_1_frame_Y800_(320x240)'
2023-03-13 18:30:41,102  GUI      ERROR    Process-1 (for Process-5) Unknown foreign buffer 'frame_Y800_(320x240)' in minion 'Tiscam_1'
2023-03-13 18:30:41,102  GUI      ERROR    Process-1 (for Process-5) Unknown buffer: 'b*Tiscam_1_frame_Y800_(320x240)'
2023-03-13 18:30:41,105  Tiscam_1 INFO     Process-1 (for Process-4) Camera DMx 22BUC03 33010546 initialized
2023-03-13 18:30:41,105  Tiscam_1 INFO     Process-1 (for Process-4) Camera Tiscam_1 initialized.
2023-03-13 18:30:41,106  Tiscam_1 INFO     Process-1 (for Process-4) Camera Interface initialized.
2023-03-13 18:30:41,107  Tiscam_1 INFO     Process-1 (for Process-4) Searching camera...
2023-03-13 18:30:41,107  Tiscam_1 INFO     Process-1 (for Process-4) Camera DMx 22BUC03 33010546 found
2023-03-13 18:30:41,635  Tiscam_1 INFO     Process-1 (for Process-4) Camera DMx 22BUC03 33010546 initialized
2023-03-13 18:30:42,307  Serial_ArduinoNano INFO     Process-1 (for Process-2) Shared state: 'LED1' created
2023-03-13 18:30:42,307  Serial_ArduinoNano INFO     Process-1 (for Process-2) Arduino Compiler initialized.
