2023-03-13 18:35:20,731  TestCam logger INFO     Process-1  ----------------- START LOGGING -----------------
2023-03-13 18:35:20,629  Servo_Pololu WARNING  Process-1 (for Process-3) Reset the callback function of the ["default"] timer
2023-03-13 18:35:20,637  GUI      WARNING  Process-1 (for Process-5) Reset the callback function of the ["default"] timer
2023-03-13 18:35:20,728  Serial_ArduinoNano WARNING  Process-1 (for Process-2) Reset the callback function of the ["default"] timer
2023-03-13 18:35:22,052  GUI      INFO     Process-1 (for Process-5) Shared state: 'is_running' created
2023-03-13 18:35:22,054  GUI      INFO     Process-1 (for Process-5) Camera Interface initialized.
2023-03-13 18:35:20,725  Tiscam_1 WARNING  Process-1 (for Process-4) Reset the callback function of the ["default"] timer
2023-03-13 18:35:20,728  Tiscam_1 INFO     Process-1 (for Process-4) Shared state: 'CameraName' created
2023-03-13 18:35:20,729  Tiscam_1 INFO     Process-1 (for Process-4) Shared state: 'VideoFormat' created
2023-03-13 18:35:20,730  Tiscam_1 INFO     Process-1 (for Process-4) Shared state: 'StreamToDisk' created
2023-03-13 18:35:20,730  Tiscam_1 INFO     Process-1 (for Process-4) Shared state: 'SaveDir' created
2023-03-13 18:35:20,731  Tiscam_1 INFO     Process-1 (for Process-4) Shared state: 'SaveName' created
2023-03-13 18:35:20,731  Tiscam_1 INFO     Process-1 (for Process-4) Shared state: 'InitTime' created
2023-03-13 18:35:20,732  Tiscam_1 INFO     Process-1 (for Process-4) Shared state: 'FrameCount' created
2023-03-13 18:35:20,733  Tiscam_1 INFO     Process-1 (for Process-4) Shared state: 'FrameTime' created
2023-03-13 18:35:20,733  Tiscam_1 INFO     Process-1 (for Process-4) Searching camera...
2023-03-13 18:35:23,712  Tiscam_1 INFO     Process-1 (for Process-4) Camera DMx 22BUC03 33010546 found
2023-03-13 18:35:23,727  GUI      ERROR    Process-1 (for Process-5) Unknown foreign buffer 'frame_Y800_(320x240)' in minion 'Tiscam_1'
2023-03-13 18:35:23,727  GUI      ERROR    Process-1 (for Process-5) Unknown buffer: 'b*Tiscam_1_frame_Y800_(320x240)'
2023-03-13 18:35:23,733  GUI      ERROR    Process-1 (for Process-5) Unknown foreign buffer 'frame_Y800_(320x240)' in minion 'Tiscam_1'
2023-03-13 18:35:23,734  GUI      ERROR    Process-1 (for Process-5) Unknown buffer: 'b*Tiscam_1_frame_Y800_(320x240)'
2023-03-13 18:35:23,740  GUI      ERROR    Process-1 (for Process-5) Unknown foreign buffer 'frame_Y800_(320x240)' in minion 'Tiscam_1'
2023-03-13 18:35:23,741  GUI      ERROR    Process-1 (for Process-5) Unknown buffer: 'b*Tiscam_1_frame_Y800_(320x240)'
2023-03-13 18:35:23,743  GUI      ERROR    Process-1 (for Process-5) Unknown foreign buffer 'frame_Y800_(320x240)' in minion 'Tiscam_1'
2023-03-13 18:35:23,743  GUI      ERROR    Process-1 (for Process-5) Unknown buffer: 'b*Tiscam_1_frame_Y800_(320x240)'
2023-03-13 18:35:23,749  GUI      ERROR    Process-1 (for Process-5) Unknown foreign buffer 'frame_Y800_(320x240)' in minion 'Tiscam_1'
2023-03-13 18:35:23,750  GUI      ERROR    Process-1 (for Process-5) Unknown buffer: 'b*Tiscam_1_frame_Y800_(320x240)'
2023-03-13 18:35:23,755  GUI      ERROR    Process-1 (for Process-5) Unknown foreign buffer 'frame_Y800_(320x240)' in minion 'Tiscam_1'
2023-03-13 18:35:23,755  GUI      ERROR    Process-1 (for Process-5) Unknown buffer: 'b*Tiscam_1_frame_Y800_(320x240)'
2023-03-13 18:35:23,760  GUI      ERROR    Process-1 (for Process-5) Unknown foreign buffer 'frame_Y800_(320x240)' in minion 'Tiscam_1'
2023-03-13 18:35:23,760  GUI      ERROR    Process-1 (for Process-5) Unknown buffer: 'b*Tiscam_1_frame_Y800_(320x240)'
2023-03-13 18:35:23,764  GUI      ERROR    Process-1 (for Process-5) Unknown foreign buffer 'frame_Y800_(320x240)' in minion 'Tiscam_1'
2023-03-13 18:35:23,764  GUI      ERROR    Process-1 (for Process-5) Unknown buffer: 'b*Tiscam_1_frame_Y800_(320x240)'
2023-03-13 18:35:23,769  GUI      ERROR    Process-1 (for Process-5) Unknown foreign buffer 'frame_Y800_(320x240)' in minion 'Tiscam_1'
2023-03-13 18:35:23,769  GUI      ERROR    Process-1 (for Process-5) Unknown buffer: 'b*Tiscam_1_frame_Y800_(320x240)'
2023-03-13 18:35:23,774  GUI      ERROR    Process-1 (for Process-5) Unknown foreign buffer 'frame_Y800_(320x240)' in minion 'Tiscam_1'
2023-03-13 18:35:23,774  GUI      ERROR    Process-1 (for Process-5) Unknown buffer: 'b*Tiscam_1_frame_Y800_(320x240)'
2023-03-13 18:35:23,779  GUI      ERROR    Process-1 (for Process-5) Unknown foreign buffer 'frame_Y800_(320x240)' in minion 'Tiscam_1'
2023-03-13 18:35:23,779  GUI      ERROR    Process-1 (for Process-5) Unknown buffer: 'b*Tiscam_1_frame_Y800_(320x240)'
2023-03-13 18:35:23,784  GUI      ERROR    Process-1 (for Process-5) Unknown foreign buffer 'frame_Y800_(320x240)' in minion 'Tiscam_1'
2023-03-13 18:35:23,784  GUI      ERROR    Process-1 (for Process-5) Unknown buffer: 'b*Tiscam_1_frame_Y800_(320x240)'
2023-03-13 18:35:23,789  GUI      ERROR    Process-1 (for Process-5) Unknown foreign buffer 'frame_Y800_(320x240)' in minion 'Tiscam_1'
2023-03-13 18:35:23,789  GUI      ERROR    Process-1 (for Process-5) Unknown buffer: 'b*Tiscam_1_frame_Y800_(320x240)'
2023-03-13 18:35:23,794  GUI      ERROR    Process-1 (for Process-5) Unknown foreign buffer 'frame_Y800_(320x240)' in minion 'Tiscam_1'
2023-03-13 18:35:23,794  GUI      ERROR    Process-1 (for Process-5) Unknown buffer: 'b*Tiscam_1_frame_Y800_(320x240)'
2023-03-13 18:35:23,799  GUI      ERROR    Process-1 (for Process-5) Unknown foreign buffer 'frame_Y800_(320x240)' in minion 'Tiscam_1'
2023-03-13 18:35:23,799  GUI      ERROR    Process-1 (for Process-5) Unknown buffer: 'b*Tiscam_1_frame_Y800_(320x240)'
2023-03-13 18:35:23,804  GUI      ERROR    Process-1 (for Process-5) Unknown foreign buffer 'frame_Y800_(320x240)' in minion 'Tiscam_1'
2023-03-13 18:35:23,805  GUI      ERROR    Process-1 (for Process-5) Unknown buffer: 'b*Tiscam_1_frame_Y800_(320x240)'
2023-03-13 18:35:23,809  GUI      ERROR    Process-1 (for Process-5) Unknown foreign buffer 'frame_Y800_(320x240)' in minion 'Tiscam_1'
2023-03-13 18:35:23,810  GUI      ERROR    Process-1 (for Process-5) Unknown buffer: 'b*Tiscam_1_frame_Y800_(320x240)'
2023-03-13 18:35:23,814  GUI      ERROR    Process-1 (for Process-5) Unknown foreign buffer 'frame_Y800_(320x240)' in minion 'Tiscam_1'
2023-03-13 18:35:23,814  GUI      ERROR    Process-1 (for Process-5) Unknown buffer: 'b*Tiscam_1_frame_Y800_(320x240)'
2023-03-13 18:35:23,820  GUI      ERROR    Process-1 (for Process-5) Unknown foreign buffer 'frame_Y800_(320x240)' in minion 'Tiscam_1'
2023-03-13 18:35:23,820  GUI      ERROR    Process-1 (for Process-5) Unknown buffer: 'b*Tiscam_1_frame_Y800_(320x240)'
2023-03-13 18:35:23,825  GUI      ERROR    Process-1 (for Process-5) Unknown foreign buffer 'frame_Y800_(320x240)' in minion 'Tiscam_1'
2023-03-13 18:35:23,825  GUI      ERROR    Process-1 (for Process-5) Unknown buffer: 'b*Tiscam_1_frame_Y800_(320x240)'
2023-03-13 18:35:23,829  GUI      ERROR    Process-1 (for Process-5) Unknown foreign buffer 'frame_Y800_(320x240)' in minion 'Tiscam_1'
2023-03-13 18:35:23,830  GUI      ERROR    Process-1 (for Process-5) Unknown buffer: 'b*Tiscam_1_frame_Y800_(320x240)'
2023-03-13 18:35:23,834  Tiscam_1 INFO     Process-1 (for Process-4) Camera DMx 22BUC03 33010546 initialized
2023-03-13 18:35:23,834  Tiscam_1 INFO     Process-1 (for Process-4) Camera Tiscam_1 initialized.
2023-03-13 18:35:23,834  Tiscam_1 INFO     Process-1 (for Process-4) Camera Interface initialized.
2023-03-13 18:35:25,752  Serial_ArduinoNano INFO     Process-1 (for Process-2) Shared state: 'LED1' created
2023-03-13 18:35:25,752  Serial_ArduinoNano INFO     Process-1 (for Process-2) Arduino Compiler initialized.
2023-03-13 18:35:29,805  Serial_ArduinoNano INFO     Process-1 (for Process-2) Serial_ArduinoNano is off
2023-03-13 18:35:29,806  Tiscam_1 INFO     Process-1 (for Process-4) Tiscam_1 is off
2023-03-13 18:35:29,822  GUI      ERROR    Process-1 (for Process-5) Error when executing custom function during polling
2023-03-13 18:35:29,823  GUI      DEBUG    Process-1 (for Process-5) Linked minion 'Serial_ArduinoNano' is dead. RIP
2023-03-13 18:35:29,824  GUI      DEBUG    Process-1 (for Process-5) Linked minion 'Tiscam_1' is dead. RIP
2023-03-13 18:35:29,825  GUI      ERROR    Process-1 (for Process-5) Dead minion 'Tiscam_1' or errors in connecting to its shared buffer
2023-03-13 18:35:29,825  GUI      DEBUG    Process-1 (for Process-5) Minion 'Tiscam_1' is not connected
